<?xml version="1.0" encoding="UTF-8"?>
<!-- Generated by org.testng.reporters.JUnitXMLReporter -->
<testsuite hostname="Ahmed-Bilal" ignored="0" name="chrometest" tests="5" failures="0" timestamp="18 Mar 2024 07:28:40 GMT" time="12.912" errors="0">
  <testcase name="@BeforeTest setup" time="12.733" classname="Passmate.test.Passmatequestionssubmitflow">
    <failure type="org.openqa.selenium.SessionNotCreatedException" message="Could not start a new session. Response code 500. Message: session not created: This version of ChromeDriver only supports Chrome version 114
Current browser version is 122.0.6261.57 with binary path C:\Program Files (x86)\Google\Chrome\Application\chrome.exe
Build info: version: &amp;apos;4.0.0&amp;apos;, revision: &amp;apos;3a21814679&amp;apos;
System info: host: &amp;apos;AHMED-BILAL&amp;apos;, ip: &amp;apos;192.168.18.24&amp;apos;, os.name: &amp;apos;Windows 10&amp;apos;, os.arch: &amp;apos;amd64&amp;apos;, os.version: &amp;apos;10.0&amp;apos;, java.version: &amp;apos;1.8.0_321&amp;apos;
Driver info: org.openqa.selenium.chrome.ChromeDriver
Command: [null, newSession {capabilities=[Capabilities {browserName: chrome, goog:chromeOptions: {args: [], extensions: []}}], desiredCapabilities=Capabilities {browserName: chrome, goog:chromeOptions: {args: [], extensions: []}}}]">
      <![CDATA[org.openqa.selenium.SessionNotCreatedException: Could not start a new session. Response code 500. Message: session not created: This version of ChromeDriver only supports Chrome version 114
Current browser version is 122.0.6261.57 with binary path C:\Program Files (x86)\Google\Chrome\Application\chrome.exe
Build info: version: '4.0.0', revision: '3a21814679'
System info: host: 'AHMED-BILAL', ip: '192.168.18.24', os.name: 'Windows 10', os.arch: 'amd64', os.version: '10.0', java.version: '1.8.0_321'
Driver info: org.openqa.selenium.chrome.ChromeDriver
Command: [null, newSession {capabilities=[Capabilities {browserName: chrome, goog:chromeOptions: {args: [], extensions: []}}], desiredCapabilities=Capabilities {browserName: chrome, goog:chromeOptions: {args: [], extensions: []}}}]
at org.openqa.selenium.remote.ProtocolHandshake.createSession(ProtocolHandshake.java:126)
at org.openqa.selenium.remote.ProtocolHandshake.createSession(ProtocolHandshake.java:84)
at org.openqa.selenium.remote.ProtocolHandshake.createSession(ProtocolHandshake.java:62)
at org.openqa.selenium.remote.HttpCommandExecutor.execute(HttpCommandExecutor.java:156)
at org.openqa.selenium.remote.service.DriverCommandExecutor.invokeExecute(DriverCommandExecutor.java:164)
at org.openqa.selenium.remote.service.DriverCommandExecutor.execute(DriverCommandExecutor.java:139)
at org.openqa.selenium.remote.RemoteWebDriver.execute(RemoteWebDriver.java:559)
at org.openqa.selenium.remote.RemoteWebDriver.startSession(RemoteWebDriver.java:246)
at org.openqa.selenium.remote.RemoteWebDriver.<init>(RemoteWebDriver.java:168)
at org.openqa.selenium.chromium.ChromiumDriver.<init>(ChromiumDriver.java:108)
at org.openqa.selenium.chrome.ChromeDriver.<init>(ChromeDriver.java:104)
at org.openqa.selenium.chrome.ChromeDriver.<init>(ChromeDriver.java:91)
at org.openqa.selenium.chrome.ChromeDriver.<init>(ChromeDriver.java:46)
at Passmate.test.Passmatequestionssubmitflow.setup(Passmatequestionssubmitflow.java:53)
... Removed 24 stack frames]]>
    </failure>
  </testcase> <!-- @BeforeTest setup -->
  <testcase name="@AfterMethod end" time="0.005" classname="Passmate.test.Passmatequestionssubmitflow">
    <failure type="java.lang.NullPointerException">
      <![CDATA[java.lang.NullPointerException
at Passmate.test.Passmatequestionssubmitflow.end(Passmatequestionssubmitflow.java:253)
... Removed 28 stack frames]]>
    </failure>
  </testcase> <!-- @AfterMethod end -->
  <testcase name="@AfterTest flush" time="0.001" classname="Passmate.test.Passmatequestionssubmitflow">
    <failure type="java.lang.NullPointerException">
      <![CDATA[java.lang.NullPointerException
at Passmate.test.Passmatequestionssubmitflow.flush(Passmatequestionssubmitflow.java:275)
... Removed 24 stack frames]]>
    </failure>
  </testcase> <!-- @AfterTest flush -->
  <testcase name="AboutyouQuestions" time="0.0" classname="Passmate.test.Passmatequestionssubmitflow">
    <skipped/>
  </testcase> <!-- AboutyouQuestions -->
  <testcase name="LearningStyleQuestions" time="0.001" classname="Passmate.test.Passmatequestionssubmitflow">
    <skipped/>
  </testcase> <!-- LearningStyleQuestions -->
  <testcase name="ResultsPage" time="0.0" classname="Passmate.test.Passmatequestionssubmitflow">
    <skipped/>
  </testcase> <!-- ResultsPage -->
  <testcase name="DriverProfile" time="0.0" classname="Passmate.test.Passmatequestionssubmitflow">
    <skipped/>
  </testcase> <!-- DriverProfile -->
  <testcase name="Checkout" time="0.0" classname="Passmate.test.Passmatequestionssubmitflow">
    <skipped/>
  </testcase> <!-- Checkout -->
</testsuite> <!-- chrometest -->
